c:\users\loke\desktop\arma3 hack\release\vc140.pdb
c:\users\loke\desktop\arma3 hack\release\setter.obj
c:\users\loke\desktop\arma3 hack\release\rendermanager.obj
c:\users\loke\desktop\arma3 hack\release\memory.obj
c:\users\loke\desktop\arma3 hack\release\main.obj
c:\users\loke\desktop\arma3 hack\release\entity.obj
c:\users\loke\desktop\arma3 hack\release\drivermanager.obj
c:\users\loke\desktop\arma3 hack\release\drawer.obj
c:\users\loke\desktop\arma3 hack\release\d3d9_menu.obj
c:\users\loke\desktop\arma3 hack\release\d3console.obj
c:\users\desktop\files\works\2016.04.03 (arma)\arma iii\hak.exe
c:\users\desktop\files\works\2016.04.03 (arma)\arma iii\hak.ipdb
c:\users\desktop\files\works\2016.04.03 (arma)\arma iii\hak.iobj
c:\users\desktop\files\works\2016.04.03 (arma)\arma iii\hak.pdb
c:\users\loke\desktop\arma3 hack\..\..\..\desktop\files\works\2016.04.03 (arma)\arma iii\arma iii.exe
c:\users\loke\desktop\arma3 hack\release\arma iii driver.tlog\cl.command.1.tlog
c:\users\loke\desktop\arma3 hack\release\arma iii driver.tlog\cl.read.1.tlog
c:\users\loke\desktop\arma3 hack\release\arma iii driver.tlog\cl.write.1.tlog
c:\users\loke\desktop\arma3 hack\release\arma iii driver.tlog\link.command.1.tlog
c:\users\loke\desktop\arma3 hack\release\arma iii driver.tlog\link.read.1.tlog
c:\users\loke\desktop\arma3 hack\release\arma iii driver.tlog\link.write.1.tlog
